<?xml version="1.0" encoding="UTF-8"?>
<testng-results skipped="0" failed="0" total="3" passed="3">
  <reporter-output>
  </reporter-output>
  <suite name="Default suite" duration-ms="2744" started-at="2022-03-22T07:01:46Z" finished-at="2022-03-22T07:01:49Z">
    <groups>
    </groups>
    <test name="Default test" duration-ms="2744" started-at="2022-03-22T07:01:46Z" finished-at="2022-03-22T07:01:49Z">
      <class name="rest_assured_assignment.restAssured">
        <test-method status="PASS" signature="CreateuserBypostMethod(org.testng.ITestContext)[pri:0, instance:rest_assured_assignment.restAssured@58ceff1]" name="CreateuserBypostMethod" duration-ms="2610" started-at="2022-03-22T12:31:46Z" finished-at="2022-03-22T12:31:49Z">
          <params>
            <param index="0">
              <value>
                <![CDATA[org.testng.TestRunner@2096442d]]>
              </value>
            </param>
          </params>
          <reporter-output>
          </reporter-output>
        </test-method> <!-- CreateuserBypostMethod -->
        <test-method status="PASS" signature="UpdateUserByPutMethod(org.testng.ITestContext)[pri:0, instance:rest_assured_assignment.restAssured@58ceff1]" name="UpdateUserByPutMethod" duration-ms="59" started-at="2022-03-22T12:31:49Z" depends-on-methods="rest_assured_assignment.restAssured.CreateuserBypostMethod" finished-at="2022-03-22T12:31:49Z">
          <params>
            <param index="0">
              <value>
                <![CDATA[org.testng.TestRunner@2096442d]]>
              </value>
            </param>
          </params>
          <reporter-output>
          </reporter-output>
        </test-method> <!-- UpdateUserByPutMethod -->
        <test-method status="PASS" signature="login(org.testng.ITestContext)[pri:0, instance:rest_assured_assignment.restAssured@58ceff1]" name="login" duration-ms="62" started-at="2022-03-22T12:31:49Z" depends-on-methods="rest_assured_assignment.restAssured.UpdateUserByPutMethod" finished-at="2022-03-22T12:31:49Z">
          <params>
            <param index="0">
              <value>
                <![CDATA[org.testng.TestRunner@2096442d]]>
              </value>
            </param>
          </params>
          <reporter-output>
          </reporter-output>
        </test-method> <!-- login -->
      </class> <!-- rest_assured_assignment.restAssured -->
    </test> <!-- Default test -->
  </suite> <!-- Default suite -->
</testng-results>
